C:\USERS\QRUCZY\DESKTOP\PROJEKT SYGNAłY\DEBUG\PROJEKT_2.EXE
C:\USERS\QRUCZY\DESKTOP\PROJEKT SYGNAłY\DEBUG\PROJEKT_2.ILK
C:\USERS\QRUCZY\DESKTOP\PROJEKT SYGNAŁY\DEBUG\PROJEKT_2.PDB
C:\Users\Qruczy\Desktop\Projekt sygnały\Projekt_2\Debug\cl.command.1.tlog
C:\Users\Qruczy\Desktop\Projekt sygnały\Projekt_2\Debug\CL.read.1.tlog
C:\Users\Qruczy\Desktop\Projekt sygnały\Projekt_2\Debug\CL.write.1.tlog
C:\Users\Qruczy\Desktop\Projekt sygnały\Projekt_2\Debug\link.command.1.tlog
C:\Users\Qruczy\Desktop\Projekt sygnały\Projekt_2\Debug\link.read.1.tlog
C:\Users\Qruczy\Desktop\Projekt sygnały\Projekt_2\Debug\link.write.1.tlog
C:\Users\Qruczy\Desktop\Projekt sygnały\Projekt_2\Debug\link-cvtres.read.1.tlog
C:\Users\Qruczy\Desktop\Projekt sygnały\Projekt_2\Debug\link-cvtres.write.1.tlog
C:\Users\Qruczy\Desktop\Projekt sygnały\Projekt_2\Debug\mt.command.1.tlog
C:\Users\Qruczy\Desktop\Projekt sygnały\Projekt_2\Debug\mt.read.1.tlog
C:\Users\Qruczy\Desktop\Projekt sygnały\Projekt_2\Debug\mt.write.1.tlog
C:\USERS\QRUCZY\DESKTOP\PROJEKT SYGNAłY\PROJEKT_2\DEBUG\PROJEKT_2.EXE.EMBED.MANIFEST
C:\USERS\QRUCZY\DESKTOP\PROJEKT SYGNAłY\PROJEKT_2\DEBUG\PROJEKT_2.EXE.EMBED.MANIFEST.RES
C:\USERS\QRUCZY\DESKTOP\PROJEKT SYGNAłY\PROJEKT_2\DEBUG\PROJEKT_2.EXE.INTERMEDIATE.MANIFEST
C:\USERS\QRUCZY\DESKTOP\PROJEKT SYGNAłY\PROJEKT_2\DEBUG\PROJEKT_2.OBJ
C:\USERS\QRUCZY\DESKTOP\PROJEKT SYGNAłY\PROJEKT_2\DEBUG\PROJEKT_2.PCH
C:\USERS\QRUCZY\DESKTOP\PROJEKT SYGNAłY\PROJEKT_2\DEBUG\PROJEKT_2.RES
C:\Users\Qruczy\Desktop\Projekt sygnały\Projekt_2\Debug\Projekt_2.write.1.tlog
C:\Users\Qruczy\Desktop\Projekt sygnały\Projekt_2\Debug\Projekt_2_manifest.rc
C:\Users\Qruczy\Desktop\Projekt sygnały\Projekt_2\Debug\rc.command.1.tlog
C:\Users\Qruczy\Desktop\Projekt sygnały\Projekt_2\Debug\rc.read.1.tlog
C:\Users\Qruczy\Desktop\Projekt sygnały\Projekt_2\Debug\rc.write.1.tlog
C:\USERS\QRUCZY\DESKTOP\PROJEKT SYGNAłY\PROJEKT_2\DEBUG\STDAFX.OBJ
C:\Users\Qruczy\Desktop\Projekt sygnały\Projekt_2\Debug\vc100.idb
C:\USERS\QRUCZY\DESKTOP\PROJEKT SYGNAŁY\PROJEKT_2\DEBUG\VC100.PDB
