Build started 2015-06-13 17:13:39.
     1>Project "C:\Users\Qruczy\Desktop\Projekt sygnały\Projekt_2\Projekt_2.vcxproj" on node 2 (build target(s)).
     1>InitializeBuildStatus:
         Creating "Debug\Projekt_2.unsuccessfulbuild" because "AlwaysCreate" was specified.
       ClCompile:
         c:\Program Files\Microsoft Visual Studio 10.0\VC\bin\CL.exe /c /ZI /nologo /W3 /WX- /Od /Oy- /D WIN32 /D _DEBUG /D _WINDOWS /D _UNICODE /D UNICODE /Gm /EHsc /RTC1 /MDd /GS /fp:precise /Zc:wchar_t /Zc:forScope /Yc"StdAfx.h" /Fp"Debug\Projekt_2.pch" /Fo"Debug\\" /Fd"Debug\vc100.pdb" /Gd /TP /analyze- /errorReport:prompt stdafx.cpp
         stdafx.cpp
         c:\Program Files\Microsoft Visual Studio 10.0\VC\bin\CL.exe /c /ZI /nologo /W3 /WX- /Od /Oy- /D WIN32 /D _DEBUG /D _WINDOWS /D _UNICODE /D UNICODE /Gm /EHsc /RTC1 /MDd /GS /fp:precise /Zc:wchar_t /Zc:forScope /Yu"StdAfx.h" /Fp"Debug\Projekt_2.pch" /Fo"Debug\\" /Fd"Debug\vc100.pdb" /Gd /TP /analyze- /errorReport:prompt Projekt_2.cpp
         Projekt_2.cpp
       ResourceCompile:
         C:\Program Files\Microsoft SDKs\Windows\v7.0A\bin\rc.exe /D _UNICODE /D UNICODE /l"0x0409" /nologo /fo"Debug\Projekt_2.res" Projekt_2.rc 
       ManifestResourceCompile:
         C:\Program Files\Microsoft SDKs\Windows\v7.0A\bin\rc.exe /nologo /fo"Debug\Projekt_2.exe.embed.manifest.res" Debug\Projekt_2_manifest.rc 
       Link:
         c:\Program Files\Microsoft Visual Studio 10.0\VC\bin\link.exe /ERRORREPORT:PROMPT /OUT:"C:\Users\Qruczy\Desktop\Projekt sygnały\Debug\Projekt_2.exe" /INCREMENTAL /NOLOGO gdiplus.lib kernel32.lib user32.lib gdi32.lib winspool.lib comdlg32.lib advapi32.lib shell32.lib ole32.lib oleaut32.lib uuid.lib odbc32.lib odbccp32.lib kernel32.lib user32.lib gdi32.lib winspool.lib comdlg32.lib advapi32.lib shell32.lib ole32.lib oleaut32.lib uuid.lib odbc32.lib odbccp32.lib /MANIFEST /ManifestFile:"Debug\Projekt_2.exe.intermediate.manifest" /MANIFESTUAC:"level='asInvoker' uiAccess='false'" /DEBUG /PDB:"C:\Users\Qruczy\Desktop\Projekt sygnały\Debug\Projekt_2.pdb" /SUBSYSTEM:WINDOWS /TLBID:1 /DYNAMICBASE /NXCOMPAT /IMPLIB:"C:\Users\Qruczy\Desktop\Projekt sygnały\Debug\Projekt_2.lib" /MACHINE:X86 Debug\Projekt_2.res
         Debug\Projekt_2.exe.embed.manifest.res
         Debug\Projekt_2.obj
         Debug\stdafx.obj
       Manifest:
         C:\Program Files\Microsoft SDKs\Windows\v7.0A\bin\mt.exe /nologo /verbose /out:"Debug\Projekt_2.exe.embed.manifest" /manifest Debug\Projekt_2.exe.intermediate.manifest
         C:\Program Files\Microsoft SDKs\Windows\v7.0A\bin\rc.exe /nologo /fo"Debug\Projekt_2.exe.embed.manifest.res" Debug\Projekt_2_manifest.rc 
       LinkEmbedManifest:
         c:\Program Files\Microsoft Visual Studio 10.0\VC\bin\link.exe /ERRORREPORT:PROMPT /OUT:"C:\Users\Qruczy\Desktop\Projekt sygnały\Debug\Projekt_2.exe" /INCREMENTAL /NOLOGO gdiplus.lib kernel32.lib user32.lib gdi32.lib winspool.lib comdlg32.lib advapi32.lib shell32.lib ole32.lib oleaut32.lib uuid.lib odbc32.lib odbccp32.lib kernel32.lib user32.lib gdi32.lib winspool.lib comdlg32.lib advapi32.lib shell32.lib ole32.lib oleaut32.lib uuid.lib odbc32.lib odbccp32.lib /MANIFEST /ManifestFile:"Debug\Projekt_2.exe.intermediate.manifest" /MANIFESTUAC:"level='asInvoker' uiAccess='false'" /DEBUG /PDB:"C:\Users\Qruczy\Desktop\Projekt sygnały\Debug\Projekt_2.pdb" /SUBSYSTEM:WINDOWS /TLBID:1 /DYNAMICBASE /NXCOMPAT /IMPLIB:"C:\Users\Qruczy\Desktop\Projekt sygnały\Debug\Projekt_2.lib" /MACHINE:X86 Debug\Projekt_2.res
         Debug\Projekt_2.exe.embed.manifest.res
         Debug\Projekt_2.obj
         Debug\stdafx.obj
         Projekt_2.vcxproj -> C:\Users\Qruczy\Desktop\Projekt sygnały\Debug\Projekt_2.exe
       FinalizeBuildStatus:
         Deleting file "Debug\Projekt_2.unsuccessfulbuild".
         Touching "Debug\Projekt_2.lastbuildstate".
     1>Done Building Project "C:\Users\Qruczy\Desktop\Projekt sygnały\Projekt_2\Projekt_2.vcxproj" (build target(s)).

Build succeeded.

Time Elapsed 00:00:06.72
